<?xml version="1.0" encoding="UTF-8"?>
<!-- Generated by org.testng.reporters.JUnitReportReporter -->
<testsuite skipped="0" hostname="Bsoft-66" name="Sample_TestNG_Class.NewTestNG" tests="1" failures="0" timestamp="21 Jan 2019 08:53:16 GMT" time="20.841" errors="0">
  <testcase name="Cristo_Dubai" time="20.841" classname="Sample_TestNG_Class.NewTestNG"/>
</testsuite> <!-- Sample_TestNG_Class.NewTestNG -->
