<?xml version="1.0" encoding="UTF-8"?>
<!-- Generated by org.testng.reporters.JUnitReportReporter -->
<testsuite skipped="0" hostname="Bsoft-66" name="Com.TestNG.Listeners.Seleni_Test_Listeners" tests="2" failures="0" timestamp="05 Feb 2019 05:53:30 GMT" time="0.008" errors="0">
  <testcase name="login_2" time="0.001" classname="Com.TestNG.Listeners.Seleni_Test_Listeners"/>
  <testcase name="login_1" time="0.007" classname="Com.TestNG.Listeners.Seleni_Test_Listeners"/>
</testsuite> <!-- Com.TestNG.Listeners.Seleni_Test_Listeners -->
