<?xml version="1.0" encoding="UTF-8"?>
<!-- Generated by org.testng.reporters.JUnitReportReporter -->
<testsuite skipped="0" hostname="Bsoft-66" name="Crist_login_testcases.VerifyCristoLogin2" tests="1" failures="0" timestamp="23 Jan 2019 17:23:32 GMT" time="21.074" errors="0">
  <testcase name="verifyValidLogin" time="21.074" classname="Crist_login_testcases.VerifyCristoLogin2"/>
</testsuite> <!-- Crist_login_testcases.VerifyCristoLogin2 -->
