<?xml version="1.0" encoding="UTF-8"?>
<!-- Generated by org.testng.reporters.JUnitReportReporter -->
<testsuite skipped="0" hostname="Bsoft-66" name="Crist_login_testcases.VerifyCristoLogin" tests="1" failures="0" timestamp="23 Jan 2019 16:57:40 GMT" time="31.348" errors="0">
  <testcase name="verifyValidLogin" time="31.348" classname="Crist_login_testcases.VerifyCristoLogin"/>
</testsuite> <!-- Crist_login_testcases.VerifyCristoLogin -->
