<?xml version="1.0" encoding="UTF-8"?>
<!-- Generated by org.testng.reporters.JUnitReportReporter -->
<testsuite skipped="0" hostname="Bsoft-66" name="Sample_Testing_Class.Dynamic_radio_and_checkbox" tests="1" failures="0" timestamp="22 Jan 2019 17:13:44 GMT" time="63.183" errors="0">
  <testcase name="test12" time="63.183" classname="Sample_Testing_Class.Dynamic_radio_and_checkbox"/>
</testsuite> <!-- Sample_Testing_Class.Dynamic_radio_and_checkbox -->
