<?xml version="1.0" encoding="UTF-8"?>
<!-- Generated by org.testng.reporters.JUnitReportReporter -->
<testsuite skipped="0" hostname="Bsoft-66" name="Sample_Testing_Class.IE_browser" tests="1" failures="0" timestamp="22 Jan 2019 17:04:36 GMT" time="26.873" errors="0">
  <testcase name="test12" time="26.873" classname="Sample_Testing_Class.IE_browser"/>
</testsuite> <!-- Sample_Testing_Class.IE_browser -->
