<?xml version="1.0" encoding="UTF-8"?>
<!-- Generated by org.testng.reporters.JUnitReportReporter -->
<testsuite skipped="0" hostname="590Bits-215" name="T1.NewTest" tests="1" failures="0" timestamp="19 Sep 2018 09:45:15 GMT" time="0.006" errors="0">
  <testcase name="f" time="0.006" classname="T1.NewTest"/>
</testsuite> <!-- T1.NewTest -->
